#! /c/Source/iverilog-install/bin/vvp
:ivl_version "12.0 (devel)" "(s20150603-1539-g2693dd32b)";
:ivl_delay_selection "TYPICAL";
:vpi_time_precision - 11;
:vpi_module "C:\iverilog\lib\ivl\system.vpi";
:vpi_module "C:\iverilog\lib\ivl\vhdl_sys.vpi";
:vpi_module "C:\iverilog\lib\ivl\vhdl_textio.vpi";
:vpi_module "C:\iverilog\lib\ivl\v2005_math.vpi";
:vpi_module "C:\iverilog\lib\ivl\va_math.vpi";
S_0000021dac4a22e0 .scope module, "tb" "tb" 2 8;
 .timescale -9 -11;
v0000021dac4fd660_0 .var/i "char_time_ns", 31 0;
v0000021dac4fde80_0 .var "clk", 0 0;
v0000021dac4fd700_0 .var "d", 31 0;
v0000021dac4fc1c0_0 .var/i "divider_value", 31 0;
v0000021dac4fca80_0 .net "dv", 0 0, v0000021dac4fc6c0_0;  1 drivers
v0000021dac4fcf80_0 .net "fe", 0 0, L_0000021dac4688f0;  1 drivers
v0000021dac4fd7a0_0 .net "ove", 0 0, v0000021dac4fc800_0;  1 drivers
v0000021dac4fd840_0 .net "q", 7 0, L_0000021dac468e30;  1 drivers
v0000021dac4fc260_0 .var "rd", 0 0;
v0000021dac4fc4e0_0 .var "rxd", 0 0;
v0000021dac4fcb20_0 .net "tend", 0 0, L_0000021dac468dc0;  1 drivers
v0000021dac4fc940_0 .net "thre", 0 0, v0000021dac4fd3e0_0;  1 drivers
v0000021dac4fcbc0_0 .net "txd", 0 0, L_0000021dac4fe630;  1 drivers
v0000021dac4fcda0_0 .var "wrbaud", 0 0;
v0000021dac4fd020_0 .var "wrtx", 0 0;
E_0000021dac4a05c0 .event anyedge, v0000021dac4fc080_0;
S_0000021dac4740a0 .scope module, "dut" "UARTB_CORE" 2 37, 3 7 0, S_0000021dac4a22e0;
 .timescale -9 -11;
    .port_info 0 /OUTPUT 1 "txd";
    .port_info 1 /OUTPUT 1 "tend";
    .port_info 2 /OUTPUT 1 "thre";
    .port_info 3 /INPUT 32 "d";
    .port_info 4 /INPUT 1 "wrtx";
    .port_info 5 /INPUT 1 "wrbaud";
    .port_info 6 /OUTPUT 8 "q";
    .port_info 7 /OUTPUT 1 "dv";
    .port_info 8 /OUTPUT 1 "fe";
    .port_info 9 /OUTPUT 1 "ove";
    .port_info 10 /INPUT 1 "rxd";
    .port_info 11 /INPUT 1 "rd";
    .port_info 12 /INPUT 1 "clk";
P_0000021dac4a0b80 .param/l "BAUDBITS" 0 3 23, +C4<00000000000000000000000000001001>;
L_0000021dac469290 .functor AND 1, v0000021dac4fd3e0_0, v0000021dac4fcc60_0, C4<1>, C4<1>;
L_0000021dac468dc0 .functor AND 1, v0000021dac4fd3e0_0, v0000021dac4fcc60_0, C4<1>, C4<1>;
L_0000021dac469680 .functor XOR 1, L_0000021dac4fe6d0, L_0000021dac4fe9f0, C4<0>, C4<0>;
L_0000021dac468ce0 .functor NOT 1, L_0000021dac4fe090, C4<0>, C4<0>, C4<0>;
L_0000021dac469760 .functor AND 1, L_0000021dac468ce0, L_0000021dac4ffad0, C4<1>, C4<1>;
L_0000021dac4688f0 .functor NOT 1, v0000021dac4fdb60_0, C4<0>, C4<0>, C4<0>;
L_0000021dac468e30 .functor BUFZ 8, v0000021dac4fda20_0, C4<00000000>, C4<00000000>, C4<00000000>;
v0000021dac471500_0 .net *"_ivl_0", 31 0, L_0000021dac4ffa30;  1 drivers
v0000021dac471b40_0 .net *"_ivl_15", 0 0, L_0000021dac4fe6d0;  1 drivers
v0000021dac471be0_0 .net *"_ivl_17", 0 0, L_0000021dac4fe9f0;  1 drivers
v0000021dac471640_0 .net *"_ivl_21", 0 0, L_0000021dac4fe090;  1 drivers
v0000021dac4716e0_0 .net *"_ivl_22", 0 0, L_0000021dac468ce0;  1 drivers
v0000021dac471780_0 .net *"_ivl_25", 0 0, L_0000021dac4ffad0;  1 drivers
L_0000021dac620118 .functor BUFT 1, C4<0>, C4<0>, C4<0>, C4<0>;
v0000021dac471820_0 .net/2u *"_ivl_28", 0 0, L_0000021dac620118;  1 drivers
L_0000021dac620088 .functor BUFT 1, C4<00000000000000000000000>, C4<0>, C4<0>, C4<0>;
v0000021dac4718c0_0 .net *"_ivl_3", 22 0, L_0000021dac620088;  1 drivers
v0000021dac471960_0 .net *"_ivl_31", 7 0, L_0000021dac4ffdf0;  1 drivers
v0000021dac472400_0 .net *"_ivl_32", 8 0, L_0000021dac4fff30;  1 drivers
v0000021dac471aa0_0 .net *"_ivl_36", 31 0, L_0000021dac4ff0d0;  1 drivers
L_0000021dac620160 .functor BUFT 1, C4<00000000000000000000000>, C4<0>, C4<0>, C4<0>;
v0000021dac471c80_0 .net *"_ivl_39", 22 0, L_0000021dac620160;  1 drivers
L_0000021dac6200d0 .functor BUFT 1, C4<00000000000000000000000000000000>, C4<0>, C4<0>, C4<0>;
v0000021dac471a00_0 .net/2u *"_ivl_4", 31 0, L_0000021dac6200d0;  1 drivers
L_0000021dac6201a8 .functor BUFT 1, C4<00000000000000000000000000000000>, C4<0>, C4<0>, C4<0>;
v0000021dac471d20_0 .net/2u *"_ivl_40", 31 0, L_0000021dac6201a8;  1 drivers
L_0000021dac6201f0 .functor BUFT 1, C4<1111>, C4<0>, C4<0>, C4<0>;
v0000021dac471fa0_0 .net/2u *"_ivl_44", 3 0, L_0000021dac6201f0;  1 drivers
v0000021dac471dc0_0 .var "cbrx", 3 0;
v0000021dac4720e0_0 .net "clk", 0 0, v0000021dac4fde80_0;  1 drivers
v0000021dac471e60_0 .net "clki0", 0 0, L_0000021dac4feef0;  1 drivers
v0000021dac471f00_0 .net "clko", 0 0, L_0000021dac4ff350;  1 drivers
v0000021dac472360_0 .var "cntbit", 3 0;
v0000021dac472180_0 .var "cntbyte", 1 0;
v0000021dac472220_0 .net "d", 31 0, v0000021dac4fd700_0;  1 drivers
v0000021dac4fd480_0 .var "data_word_pending", 0 0;
v0000021dac4fd200_0 .var "divider", 8 0;
v0000021dac4fdca0_0 .var "divrx", 8 0;
v0000021dac4fd2a0_0 .var "divtx", 8 0;
v0000021dac4fc6c0_0 .var "dv", 0 0;
v0000021dac4fd520_0 .net "falling", 0 0, L_0000021dac469760;  1 drivers
v0000021dac4fdac0_0 .net "fe", 0 0, L_0000021dac4688f0;  alias, 1 drivers
v0000021dac4fc440_0 .var "load_shift_reg", 0 0;
v0000021dac4fc580_0 .var "mode", 0 0;
v0000021dac4fd980_0 .var "moden", 0 0;
v0000021dac4fce40_0 .net "next_byte_request", 0 0, L_0000021dac469290;  1 drivers
v0000021dac4fc800_0 .var "ove", 0 0;
v0000021dac4fd0c0_0 .net "q", 7 0, L_0000021dac468e30;  alias, 1 drivers
v0000021dac4fda20_0 .var "rbr", 7 0;
v0000021dac4fd340_0 .net "rd", 0 0, v0000021dac4fc260_0;  1 drivers
v0000021dac4fcc60_0 .var "rdy", 0 0;
v0000021dac4fd5c0_0 .net "resinc", 0 0, L_0000021dac469680;  1 drivers
v0000021dac4fd160_0 .var "rrxd", 1 0;
v0000021dac4fc300_0 .net "rxd", 0 0, v0000021dac4fc4e0_0;  1 drivers
v0000021dac4fc620_0 .net "rxst", 0 0, L_0000021dac4ff850;  1 drivers
v0000021dac4fcd00_0 .var "rxst0", 0 0;
v0000021dac4fc9e0_0 .net "shift", 0 0, L_0000021dac4fe770;  1 drivers
v0000021dac4fdde0_0 .var "shrx", 8 0;
v0000021dac4fc760_0 .var "shtx", 8 0;
v0000021dac4fdb60_0 .var "stopb", 0 0;
v0000021dac4fdf20_0 .var "tbr", 31 0;
v0000021dac4fdc00_0 .net "tend", 0 0, L_0000021dac468dc0;  alias, 1 drivers
v0000021dac4fd8e0_0 .var "thr", 7 0;
v0000021dac4fdd40_0 .var "thr_just_loaded", 0 0;
v0000021dac4fd3e0_0 .var "thre", 0 0;
v0000021dac4fc080_0 .net "txd", 0 0, L_0000021dac4fe630;  alias, 1 drivers
v0000021dac4fc3a0_0 .net "wrbaud", 0 0, v0000021dac4fcda0_0;  1 drivers
v0000021dac4fcee0_0 .net "wrtx", 0 0, v0000021dac4fd020_0;  1 drivers
E_0000021dac4a0f80 .event posedge, v0000021dac4720e0_0;
L_0000021dac4ffa30 .concat [ 9 23 0 0], v0000021dac4fd2a0_0, L_0000021dac620088;
L_0000021dac4ff350 .cmp/eq 32, L_0000021dac4ffa30, L_0000021dac6200d0;
L_0000021dac4fe630 .part v0000021dac4fc760_0, 0, 1;
L_0000021dac4fe6d0 .part v0000021dac4fd160_0, 0, 1;
L_0000021dac4fe9f0 .part v0000021dac4fd160_0, 1, 1;
L_0000021dac4fe090 .part v0000021dac4fd160_0, 0, 1;
L_0000021dac4ffad0 .part v0000021dac4fd160_0, 1, 1;
L_0000021dac4ffdf0 .part v0000021dac4fd200_0, 1, 8;
L_0000021dac4fff30 .concat [ 8 1 0 0], L_0000021dac4ffdf0, L_0000021dac620118;
L_0000021dac4fe770 .cmp/eq 9, v0000021dac4fdca0_0, L_0000021dac4fff30;
L_0000021dac4ff0d0 .concat [ 9 23 0 0], v0000021dac4fdca0_0, L_0000021dac620160;
L_0000021dac4feef0 .cmp/eq 32, L_0000021dac4ff0d0, L_0000021dac6201a8;
L_0000021dac4ff850 .cmp/eq 4, v0000021dac471dc0_0, L_0000021dac6201f0;
S_0000021dac4a3ec0 .scope task, "send_byte_normal" "send_byte_normal" 2 68, 2 68 0, S_0000021dac4a22e0;
 .timescale -9 -11;
v0000021dac4fc120_0 .var "data", 7 0;
TD_tb.send_byte_normal ;
    %delay 400, 0;
    %pushi/vec4 0, 0, 24;
    %load/vec4 v0000021dac4fc120_0;
    %concat/vec4; draw_concat_vec4
    %store/vec4 v0000021dac4fd700_0, 0, 32;
    %pushi/vec4 1, 0, 1;
    %store/vec4 v0000021dac4fd020_0, 0, 1;
    %delay 2000, 0;
    %pushi/vec4 0, 0, 1;
    %store/vec4 v0000021dac4fd020_0, 0, 1;
    %vpi_call 2 74 "$display", "@%0t: TX NORMAL -> %02h", $time, v0000021dac4fc120_0 {0 0 0};
    %end;
S_0000021dac442570 .scope task, "send_word_burst" "send_word_burst" 2 78, 2 78 0, S_0000021dac4a22e0;
 .timescale -9 -11;
v0000021dac4fc8a0_0 .var "data", 31 0;
TD_tb.send_word_burst ;
    %load/vec4 v0000021dac4fc8a0_0;
    %store/vec4 v0000021dac4fd700_0, 0, 32;
    %pushi/vec4 1, 0, 1;
    %store/vec4 v0000021dac4fd020_0, 0, 1;
    %delay 2000, 0;
    %pushi/vec4 0, 0, 1;
    %store/vec4 v0000021dac4fd020_0, 0, 1;
    %vpi_call 2 84 "$display", "@%0t: TX BURST -> %08h", $time, v0000021dac4fc8a0_0 {0 0 0};
    %end;
S_0000021dac442700 .scope task, "uart_read" "uart_read" 2 88, 2 88 0, S_0000021dac4a22e0;
 .timescale -9 -11;
TD_tb.uart_read ;
    %pushi/vec4 1, 0, 1;
    %store/vec4 v0000021dac4fc260_0, 0, 1;
    %delay 2000, 0;
    %pushi/vec4 0, 0, 1;
    %store/vec4 v0000021dac4fc260_0, 0, 1;
    %load/vec4 v0000021dac4fca80_0;
    %flag_set/vec4 8;
    %jmp/0xz  T_2.0, 8;
    %vpi_call 2 93 "$display", "@%0t: RX = %02h (DV=1)", $time, v0000021dac4fd840_0 {0 0 0};
    %jmp T_2.1;
T_2.0 ;
    %vpi_call 2 95 "$display", "@%0t: RX le\303\255do sin dato v\303\241lido", $time {0 0 0};
T_2.1 ;
    %end;
    .scope S_0000021dac4740a0;
T_3 ;
    %pushi/vec4 0, 0, 1;
    %store/vec4 v0000021dac4fd480_0, 0, 1;
    %pushi/vec4 0, 0, 1;
    %store/vec4 v0000021dac4fdd40_0, 0, 1;
    %pushi/vec4 0, 0, 9;
    %store/vec4 v0000021dac4fd200_0, 0, 9;
    %pushi/vec4 1, 0, 1;
    %store/vec4 v0000021dac4fd3e0_0, 0, 1;
    %pushi/vec4 511, 0, 9;
    %store/vec4 v0000021dac4fc760_0, 0, 9;
    %pushi/vec4 1, 0, 1;
    %store/vec4 v0000021dac4fcc60_0, 0, 1;
    %pushi/vec4 0, 0, 1;
    %store/vec4 v0000021dac4fc440_0, 0, 1;
    %pushi/vec4 0, 0, 9;
    %store/vec4 v0000021dac4fd2a0_0, 0, 9;
    %pushi/vec4 0, 0, 2;
    %store/vec4 v0000021dac4fd160_0, 0, 2;
    %pushi/vec4 0, 0, 9;
    %store/vec4 v0000021dac4fdca0_0, 0, 9;
    %pushi/vec4 0, 0, 1;
    %store/vec4 v0000021dac4fc6c0_0, 0, 1;
    %pushi/vec4 0, 0, 1;
    %store/vec4 v0000021dac4fc800_0, 0, 1;
    %pushi/vec4 15, 0, 4;
    %store/vec4 v0000021dac471dc0_0, 0, 4;
    %end;
    .thread T_3;
    .scope S_0000021dac4740a0;
T_4 ;
    %wait E_0000021dac4a0f80;
    %load/vec4 v0000021dac4fc3a0_0;
    %flag_set/vec4 8;
    %jmp/0xz  T_4.0, 8;
    %load/vec4 v0000021dac472220_0;
    %parti/s 9, 0, 2;
    %assign/vec4 v0000021dac4fd200_0, 0;
    %load/vec4 v0000021dac472220_0;
    %parti/s 1, 31, 6;
    %assign/vec4 v0000021dac4fc580_0, 0;
T_4.0 ;
    %jmp T_4;
    .thread T_4;
    .scope S_0000021dac4740a0;
T_5 ;
    %wait E_0000021dac4a0f80;
    %load/vec4 v0000021dac4fcee0_0;
    %flag_set/vec4 8;
    %jmp/0xz  T_5.0, 8;
    %load/vec4 v0000021dac472220_0;
    %assign/vec4 v0000021dac4fdf20_0, 0;
    %load/vec4 v0000021dac4fc580_0;
    %assign/vec4 v0000021dac4fd980_0, 0;
    %pushi/vec4 1, 0, 1;
    %assign/vec4 v0000021dac4fd480_0, 0;
    %pushi/vec4 0, 0, 2;
    %assign/vec4 v0000021dac472180_0, 0;
T_5.0 ;
    %jmp T_5;
    .thread T_5;
    .scope S_0000021dac4740a0;
T_6 ;
    %wait E_0000021dac4a0f80;
    %load/vec4 v0000021dac4fdd40_0;
    %flag_set/vec4 8;
    %jmp/0 T_6.0, 8;
    %pushi/vec4 0, 0, 9;
    %jmp/1 T_6.1, 8;
T_6.0 ; End of true expr.
    %load/vec4 v0000021dac471f00_0;
    %flag_set/vec4 9;
    %jmp/0 T_6.2, 9;
    %load/vec4 v0000021dac4fd200_0;
    %jmp/1 T_6.3, 9;
T_6.2 ; End of true expr.
    %load/vec4 v0000021dac4fd2a0_0;
    %subi 1, 0, 9;
    %jmp/0 T_6.3, 9;
 ; End of false expr.
    %blend;
T_6.3;
    %jmp/0 T_6.1, 8;
 ; End of false expr.
    %blend;
T_6.1;
    %assign/vec4 v0000021dac4fd2a0_0, 0;
    %jmp T_6;
    .thread T_6;
    .scope S_0000021dac4740a0;
T_7 ;
    %wait E_0000021dac4a0f80;
    %pushi/vec4 0, 0, 1;
    %assign/vec4 v0000021dac4fdd40_0, 0;
    %load/vec4 v0000021dac4fdd40_0;
    %assign/vec4 v0000021dac4fc440_0, 0;
    %load/vec4 v0000021dac4fce40_0;
    %flag_set/vec4 8;
    %jmp/0xz  T_7.0, 8;
    %load/vec4 v0000021dac4fd480_0;
    %flag_set/vec4 8;
    %jmp/0xz  T_7.2, 8;
    %load/vec4 v0000021dac4fd980_0;
    %cmpi/e 0, 0, 1;
    %jmp/0xz  T_7.4, 4;
    %load/vec4 v0000021dac4fdf20_0;
    %parti/s 8, 0, 2;
    %assign/vec4 v0000021dac4fd8e0_0, 0;
    %pushi/vec4 0, 0, 1;
    %assign/vec4 v0000021dac4fd3e0_0, 0;
    %pushi/vec4 1, 0, 1;
    %assign/vec4 v0000021dac4fdd40_0, 0;
    %pushi/vec4 0, 0, 1;
    %assign/vec4 v0000021dac4fd480_0, 0;
    %jmp T_7.5;
T_7.4 ;
    %load/vec4 v0000021dac472180_0;
    %dup/vec4;
    %pushi/vec4 0, 0, 2;
    %cmp/u;
    %jmp/1 T_7.6, 6;
    %dup/vec4;
    %pushi/vec4 1, 0, 2;
    %cmp/u;
    %jmp/1 T_7.7, 6;
    %dup/vec4;
    %pushi/vec4 2, 0, 2;
    %cmp/u;
    %jmp/1 T_7.8, 6;
    %dup/vec4;
    %pushi/vec4 3, 0, 2;
    %cmp/u;
    %jmp/1 T_7.9, 6;
    %pushi/vec4 255, 255, 8;
    %assign/vec4 v0000021dac4fd8e0_0, 0;
    %jmp T_7.11;
T_7.6 ;
    %load/vec4 v0000021dac4fdf20_0;
    %parti/s 8, 0, 2;
    %assign/vec4 v0000021dac4fd8e0_0, 0;
    %jmp T_7.11;
T_7.7 ;
    %load/vec4 v0000021dac4fdf20_0;
    %parti/s 8, 8, 5;
    %assign/vec4 v0000021dac4fd8e0_0, 0;
    %jmp T_7.11;
T_7.8 ;
    %load/vec4 v0000021dac4fdf20_0;
    %parti/s 8, 16, 6;
    %assign/vec4 v0000021dac4fd8e0_0, 0;
    %jmp T_7.11;
T_7.9 ;
    %load/vec4 v0000021dac4fdf20_0;
    %parti/s 8, 24, 6;
    %assign/vec4 v0000021dac4fd8e0_0, 0;
    %jmp T_7.11;
T_7.11 ;
    %pop/vec4 1;
    %pushi/vec4 0, 0, 1;
    %assign/vec4 v0000021dac4fd3e0_0, 0;
    %pushi/vec4 1, 0, 1;
    %assign/vec4 v0000021dac4fdd40_0, 0;
    %load/vec4 v0000021dac472180_0;
    %cmpi/e 3, 0, 2;
    %jmp/0xz  T_7.12, 4;
    %pushi/vec4 0, 0, 1;
    %assign/vec4 v0000021dac4fd480_0, 0;
    %pushi/vec4 0, 0, 2;
    %assign/vec4 v0000021dac472180_0, 0;
    %jmp T_7.13;
T_7.12 ;
    %load/vec4 v0000021dac472180_0;
    %addi 1, 0, 2;
    %assign/vec4 v0000021dac472180_0, 0;
T_7.13 ;
T_7.5 ;
T_7.2 ;
T_7.0 ;
    %load/vec4 v0000021dac4fc440_0;
    %flag_set/vec4 8;
    %jmp/0xz  T_7.14, 8;
    %pushi/vec4 0, 0, 1;
    %assign/vec4 v0000021dac4fcc60_0, 0;
    %pushi/vec4 1, 0, 1;
    %assign/vec4 v0000021dac4fd3e0_0, 0;
    %pushi/vec4 1, 0, 1;
    %load/vec4 v0000021dac4fd8e0_0;
    %concat/vec4; draw_concat_vec4
    %assign/vec4 v0000021dac4fc760_0, 0;
    %pushi/vec4 0, 0, 4;
    %assign/vec4 v0000021dac472360_0, 0;
T_7.14 ;
    %load/vec4 v0000021dac471f00_0;
    %flag_set/vec4 8;
    %jmp/0xz  T_7.16, 8;
    %load/vec4 v0000021dac4fcc60_0;
    %inv;
    %flag_set/vec4 9;
    %flag_get/vec4 9;
    %jmp/0 T_7.20, 9;
    %load/vec4 v0000021dac4fdd40_0;
    %nor/r;
    %and;
T_7.20;
    %flag_set/vec4 8;
    %jmp/0xz  T_7.18, 8;
    %pushi/vec4 1, 0, 1;
    %load/vec4 v0000021dac4fc760_0;
    %parti/s 8, 1, 2;
    %concat/vec4; draw_concat_vec4
    %assign/vec4 v0000021dac4fc760_0, 0;
    %load/vec4 v0000021dac472360_0;
    %addi 1, 0, 4;
    %assign/vec4 v0000021dac472360_0, 0;
    %load/vec4 v0000021dac472360_0;
    %parti/s 1, 3, 3;
    %load/vec4 v0000021dac472360_0;
    %parti/s 1, 0, 2;
    %and;
    %flag_set/vec4 8;
    %jmp/0xz  T_7.21, 8;
    %pushi/vec4 1, 0, 1;
    %assign/vec4 v0000021dac4fcc60_0, 0;
T_7.21 ;
T_7.18 ;
T_7.16 ;
    %jmp T_7;
    .thread T_7;
    .scope S_0000021dac4740a0;
T_8 ;
    %wait E_0000021dac4a0f80;
    %load/vec4 v0000021dac4fd160_0;
    %parti/s 1, 0, 2;
    %load/vec4 v0000021dac4fc300_0;
    %concat/vec4; draw_concat_vec4
    %assign/vec4 v0000021dac4fd160_0, 0;
    %jmp T_8;
    .thread T_8;
    .scope S_0000021dac4740a0;
T_9 ;
    %wait E_0000021dac4a0f80;
    %load/vec4 v0000021dac4fd5c0_0;
    %load/vec4 v0000021dac471e60_0;
    %or;
    %flag_set/vec4 8;
    %jmp/0 T_9.0, 8;
    %load/vec4 v0000021dac4fd200_0;
    %jmp/1 T_9.1, 8;
T_9.0 ; End of true expr.
    %load/vec4 v0000021dac4fdca0_0;
    %subi 1, 0, 9;
    %jmp/0 T_9.1, 8;
 ; End of false expr.
    %blend;
T_9.1;
    %assign/vec4 v0000021dac4fdca0_0, 0;
    %jmp T_9;
    .thread T_9;
    .scope S_0000021dac4740a0;
T_10 ;
    %wait E_0000021dac4a0f80;
    %load/vec4 v0000021dac4fc620_0;
    %assign/vec4 v0000021dac4fcd00_0, 0;
    %load/vec4 v0000021dac4fc620_0;
    %load/vec4 v0000021dac4fd520_0;
    %and;
    %flag_set/vec4 8;
    %jmp/0xz  T_10.0, 8;
    %pushi/vec4 9, 0, 4;
    %assign/vec4 v0000021dac471dc0_0, 0;
T_10.0 ;
    %load/vec4 v0000021dac4fc9e0_0;
    %load/vec4 v0000021dac4fc620_0;
    %inv;
    %and;
    %flag_set/vec4 8;
    %jmp/0xz  T_10.2, 8;
    %load/vec4 v0000021dac4fd160_0;
    %parti/s 1, 0, 2;
    %load/vec4 v0000021dac4fdde0_0;
    %parti/s 8, 1, 2;
    %concat/vec4; draw_concat_vec4
    %assign/vec4 v0000021dac4fdde0_0, 0;
    %load/vec4 v0000021dac471dc0_0;
    %subi 1, 0, 4;
    %assign/vec4 v0000021dac471dc0_0, 0;
T_10.2 ;
    %load/vec4 v0000021dac4fc620_0;
    %load/vec4 v0000021dac4fcd00_0;
    %inv;
    %and;
    %flag_set/vec4 8;
    %jmp/0xz  T_10.4, 8;
    %load/vec4 v0000021dac4fdde0_0;
    %split/vec4 8;
    %assign/vec4 v0000021dac4fda20_0, 0;
    %assign/vec4 v0000021dac4fdb60_0, 0;
    %pushi/vec4 1, 0, 1;
    %assign/vec4 v0000021dac4fc6c0_0, 0;
    %load/vec4 v0000021dac4fc6c0_0;
    %assign/vec4 v0000021dac4fc800_0, 0;
T_10.4 ;
    %load/vec4 v0000021dac4fd340_0;
    %flag_set/vec4 8;
    %jmp/0xz  T_10.6, 8;
    %pushi/vec4 0, 0, 1;
    %assign/vec4 v0000021dac4fc6c0_0, 0;
    %pushi/vec4 0, 0, 1;
    %assign/vec4 v0000021dac4fc800_0, 0;
T_10.6 ;
    %jmp T_10;
    .thread T_10;
    .scope S_0000021dac4a22e0;
T_11 ;
    %pushi/vec4 0, 0, 1;
    %store/vec4 v0000021dac4fde80_0, 0, 1;
    %pushi/vec4 1, 0, 1;
    %store/vec4 v0000021dac4fc4e0_0, 0, 1;
    %pushi/vec4 0, 0, 1;
    %store/vec4 v0000021dac4fd020_0, 0, 1;
    %pushi/vec4 0, 0, 1;
    %store/vec4 v0000021dac4fcda0_0, 0, 1;
    %pushi/vec4 0, 0, 32;
    %store/vec4 v0000021dac4fd700_0, 0, 32;
    %pushi/vec4 0, 0, 1;
    %store/vec4 v0000021dac4fc260_0, 0, 1;
    %end;
    .thread T_11;
    .scope S_0000021dac4a22e0;
T_12 ;
    %wait E_0000021dac4a05c0;
    %delay 100, 0;
    %load/vec4 v0000021dac4fcbc0_0;
    %store/vec4 v0000021dac4fc4e0_0, 0, 1;
    %jmp T_12;
    .thread T_12, $push;
    .scope S_0000021dac4a22e0;
T_13 ;
    %delay 1000, 0;
    %load/vec4 v0000021dac4fde80_0;
    %inv;
    %store/vec4 v0000021dac4fde80_0, 0, 1;
    %jmp T_13;
    .thread T_13;
    .scope S_0000021dac4a22e0;
T_14 ;
    %vpi_call 2 103 "$dumpfile", "tb.vcd" {0 0 0};
    %vpi_call 2 104 "$dumpvars", 32'sb00000000000000000000000000000000, S_0000021dac4a22e0 {0 0 0};
    %pushi/vec4 7, 0, 32;
    %store/vec4 v0000021dac4fc1c0_0, 0, 32;
    %pushi/vec4 1600, 0, 32;
    %store/vec4 v0000021dac4fd660_0, 0, 32;
    %vpi_call 2 112 "$display", "=== INICIO SIMULACI\303\223N UART ===" {0 0 0};
    %delay 5000, 0;
    %pushi/vec4 1, 0, 1;
    %store/vec4 v0000021dac4fcda0_0, 0, 1;
    %pushi/vec4 7, 0, 32;
    %store/vec4 v0000021dac4fd700_0, 0, 32;
    %delay 2000, 0;
    %pushi/vec4 0, 0, 1;
    %store/vec4 v0000021dac4fcda0_0, 0, 1;
    %vpi_call 2 121 "$display", "@%0t: Config -> Modo NORMAL, divisor=7", $time {0 0 0};
    %pushi/vec4 65, 0, 8;
    %store/vec4 v0000021dac4fc120_0, 0, 8;
    %fork TD_tb.send_byte_normal, S_0000021dac4a3ec0;
    %join;
    %load/vec4 v0000021dac4fd660_0;
    %pad/s 64;
    %muli 100, 0, 64;
    %ix/vec4 4;
    %delayx 4;
    %fork TD_tb.uart_read, S_0000021dac442700;
    %join;
    %pushi/vec4 66, 0, 8;
    %store/vec4 v0000021dac4fc120_0, 0, 8;
    %fork TD_tb.send_byte_normal, S_0000021dac4a3ec0;
    %join;
    %load/vec4 v0000021dac4fd660_0;
    %pushi/vec4 2, 0, 32;
    %div/s;
    %pad/s 64;
    %muli 100, 0, 64;
    %ix/vec4 4;
    %delayx 4;
    %pushi/vec4 1, 0, 1;
    %store/vec4 v0000021dac4fcda0_0, 0, 1;
    %pushi/vec4 2147483655, 0, 32;
    %store/vec4 v0000021dac4fd700_0, 0, 32;
    %delay 2000, 0;
    %pushi/vec4 0, 0, 1;
    %store/vec4 v0000021dac4fcda0_0, 0, 1;
    %vpi_call 2 139 "$display", "@%0t: Config -> Modo BURST", $time {0 0 0};
    %load/vec4 v0000021dac4fd660_0;
    %pushi/vec4 2, 0, 32;
    %div/s;
    %pad/s 64;
    %muli 100, 0, 64;
    %ix/vec4 4;
    %delayx 4;
    %pushi/vec4 1634496360, 0, 32;
    %store/vec4 v0000021dac4fc8a0_0, 0, 32;
    %fork TD_tb.send_word_burst, S_0000021dac442570;
    %join;
    %pushi/vec4 8, 0, 32;
T_14.0 %dup/vec4;
    %pushi/vec4 0, 0, 32;
    %cmp/s;
    %jmp/1xz T_14.1, 5;
    %jmp/1 T_14.1, 4;
    %pushi/vec4 1, 0, 32;
    %sub;
    %load/vec4 v0000021dac4fd660_0;
    %pad/s 64;
    %muli 100, 0, 64;
    %ix/vec4 4;
    %delayx 4;
    %fork TD_tb.uart_read, S_0000021dac442700;
    %join;
    %jmp T_14.0;
T_14.1 ;
    %pop/vec4 1;
    %load/vec4 v0000021dac4fd660_0;
    %pad/s 64;
    %muli 100, 0, 64;
    %ix/vec4 4;
    %delayx 4;
    %pushi/vec4 1, 0, 1;
    %store/vec4 v0000021dac4fcda0_0, 0, 1;
    %pushi/vec4 7, 0, 32;
    %store/vec4 v0000021dac4fd700_0, 0, 32;
    %delay 2000, 0;
    %pushi/vec4 0, 0, 1;
    %store/vec4 v0000021dac4fcda0_0, 0, 1;
    %vpi_call 2 163 "$display", "@%0t: Config -> Modo NORMAL otra vez", $time {0 0 0};
    %pushi/vec4 90, 0, 8;
    %store/vec4 v0000021dac4fc120_0, 0, 8;
    %fork TD_tb.send_byte_normal, S_0000021dac4a3ec0;
    %join;
    %load/vec4 v0000021dac4fd660_0;
    %pad/s 64;
    %muli 100, 0, 64;
    %ix/vec4 4;
    %delayx 4;
    %fork TD_tb.uart_read, S_0000021dac442700;
    %join;
    %delay 100000, 0;
    %vpi_call 2 173 "$display", "=== FIN SIMULACI\303\223N ===" {0 0 0};
    %vpi_call 2 174 "$finish" {0 0 0};
    %end;
    .thread T_14;
# The file index is used to find the file name in the following table.
:file_names 4;
    "N/A";
    "<interactive>";
    "tb1_v3.v";
    "./uart_burst.v";
