
code.elf:     file format elf32-littleriscv


Disassembly of section .text:

00000000 <reset_vec>:
   0:	0040006f          	j	4 <start>

00000004 <start>:
   4:	00002137          	lui	sp,0x2
   8:	00002517          	auipc	a0,0x2
   c:	bf850513          	addi	a0,a0,-1032 # 1c00 <udat>
  10:	00001597          	auipc	a1,0x1
  14:	85358593          	addi	a1,a1,-1965 # 863 <_etext>
  18:	00002617          	auipc	a2,0x2
  1c:	be860613          	addi	a2,a2,-1048 # 1c00 <udat>
  20:	00c55c63          	bge	a0,a2,38 <end_init_data>

00000024 <loop_init_data>:
  24:	0005a683          	lw	a3,0(a1)
  28:	00d52023          	sw	a3,0(a0)
  2c:	00450513          	addi	a0,a0,4
  30:	00458593          	addi	a1,a1,4
  34:	fec548e3          	blt	a0,a2,24 <loop_init_data>

00000038 <end_init_data>:
  38:	00002517          	auipc	a0,0x2
  3c:	bc850513          	addi	a0,a0,-1080 # 1c00 <udat>
  40:	00002597          	auipc	a1,0x2
  44:	be458593          	addi	a1,a1,-1052 # 1c24 <_ebss>
  48:	00b55863          	bge	a0,a1,58 <end_init_bss>

0000004c <loop_init_bss>:
  4c:	00052023          	sw	zero,0(a0)
  50:	00450513          	addi	a0,a0,4
  54:	feb54ce3          	blt	a0,a1,4c <loop_init_bss>

00000058 <end_init_bss>:
  58:	008000ef          	jal	ra,60 <main>

0000005c <loop>:
  5c:	0000006f          	j	5c <loop>

00000060 <main>:
  60:	e0000537          	lui	a0,0xe0000
  64:	08050513          	addi	a0,a0,128 # e0000080 <_ebss+0xdfffe45c>
  68:	e00002b7          	lui	t0,0xe0000
  6c:	0e428293          	addi	t0,t0,228 # e00000e4 <_ebss+0xdfffe4c0>
  70:	00000317          	auipc	t1,0x0
  74:	06c30313          	addi	t1,t1,108 # dc <irq1_handler>
  78:	0062a023          	sw	t1,0(t0)
  7c:	00700313          	li	t1,7
  80:	00652223          	sw	t1,4(a0)
  84:	00000417          	auipc	s0,0x0
  88:	09040413          	addi	s0,s0,144 # 114 <msg>
  8c:	e00002b7          	lui	t0,0xe0000
  90:	0e028293          	addi	t0,t0,224 # e00000e0 <_ebss+0xdfffe4bc>
  94:	00800313          	li	t1,8
  98:	0062a023          	sw	t1,0(t0)

0000009c <wait_char>:
  9c:	00452383          	lw	t2,4(a0)
  a0:	0013f393          	andi	t2,t2,1
  a4:	fe038ce3          	beqz	t2,9c <wait_char>
  a8:	00050703          	lb	a4,0(a0)
  ac:	fe0718e3          	bnez	a4,9c <wait_char>
  b0:	00800313          	li	t1,8
  b4:	800003b7          	lui	t2,0x80000
  b8:	00736333          	or	t1,t1,t2
  bc:	00652223          	sw	t1,4(a0)
  c0:	41424337          	lui	t1,0x41424
  c4:	34430313          	addi	t1,t1,836 # 41424344 <_ebss+0x41422720>
  c8:	00652023          	sw	t1,0(a0)
  cc:	46475337          	lui	t1,0x46475
  d0:	84930313          	addi	t1,t1,-1975 # 46474849 <_ebss+0x46472c25>
  d4:	00652023          	sw	t1,0(a0)

000000d8 <end_main>:
  d8:	0000006f          	j	d8 <end_main>

000000dc <irq1_handler>:
  dc:	e00002b7          	lui	t0,0xe0000
  e0:	08028293          	addi	t0,t0,128 # e0000080 <_ebss+0xdfffe45c>
  e4:	00040303          	lb	t1,0(s0)
  e8:	00628023          	sb	t1,0(t0)
  ec:	00030663          	beqz	t1,f8 <isr_disable_irq>
  f0:	00140413          	addi	s0,s0,1
  f4:	30200073          	mret

000000f8 <isr_disable_irq>:
  f8:	e00002b7          	lui	t0,0xe0000
  fc:	0e028293          	addi	t0,t0,224 # e00000e0 <_ebss+0xdfffe4bc>
 100:	0002a023          	sw	zero,0(t0)
 104:	30200073          	mret

00000108 <delay_loop>:
 108:	fff50513          	addi	a0,a0,-1
 10c:	fe051ee3          	bnez	a0,108 <delay_loop>
 110:	00008067          	ret

00000114 <msg>:
 114:	616c6f48          	.word	0x616c6f48
 118:	6e756d20          	.word	0x6e756d20
 11c:	6f64                	.short	0x6f64
	...

00000120 <_putch>:
 120:	e0000737          	lui	a4,0xe0000
 124:	00472783          	lw	a5,4(a4) # e0000004 <_ebss+0xdfffe3e0>
 128:	0027f793          	andi	a5,a5,2
 12c:	fe078ce3          	beqz	a5,124 <_putch+0x4>
 130:	0ff57513          	zext.b	a0,a0
 134:	00a70023          	sb	a0,0(a4)
 138:	00008067          	ret

0000013c <printchar>:
 13c:	00050793          	mv	a5,a0
 140:	00058513          	mv	a0,a1
 144:	00078e63          	beqz	a5,160 <printchar+0x24>
 148:	0007a703          	lw	a4,0(a5)
 14c:	00b70023          	sb	a1,0(a4)
 150:	0007a703          	lw	a4,0(a5)
 154:	00170713          	addi	a4,a4,1
 158:	00e7a023          	sw	a4,0(a5)
 15c:	00008067          	ret
 160:	fc1ff06f          	j	120 <_putch>

00000164 <prints>:
 164:	fe410113          	addi	sp,sp,-28 # 1fe4 <_ebss+0x3c0>
 168:	00912823          	sw	s1,16(sp)
 16c:	00112c23          	sw	ra,24(sp)
 170:	00812a23          	sw	s0,20(sp)
 174:	00a12223          	sw	a0,4(sp)
 178:	00058493          	mv	s1,a1
 17c:	02000793          	li	a5,32
 180:	02c05c63          	blez	a2,1b8 <prints+0x54>
 184:	00000793          	li	a5,0
 188:	0080006f          	j	190 <prints+0x2c>
 18c:	00178793          	addi	a5,a5,1
 190:	00f48733          	add	a4,s1,a5
 194:	00074703          	lbu	a4,0(a4)
 198:	fe071ae3          	bnez	a4,18c <prints+0x28>
 19c:	02c7da63          	bge	a5,a2,1d0 <prints+0x6c>
 1a0:	40f60633          	sub	a2,a2,a5
 1a4:	02000713          	li	a4,32
 1a8:	0026f793          	andi	a5,a3,2
 1ac:	00e12023          	sw	a4,0(sp)
 1b0:	00078663          	beqz	a5,1bc <prints+0x58>
 1b4:	03000793          	li	a5,48
 1b8:	00f12023          	sw	a5,0(sp)
 1bc:	0016f693          	andi	a3,a3,1
 1c0:	00000793          	li	a5,0
 1c4:	04069063          	bnez	a3,204 <prints+0xa0>
 1c8:	00060413          	mv	s0,a2
 1cc:	0240006f          	j	1f0 <prints+0x8c>
 1d0:	00000613          	li	a2,0
 1d4:	fd1ff06f          	j	1a4 <prints+0x40>
 1d8:	00012583          	lw	a1,0(sp)
 1dc:	00412503          	lw	a0,4(sp)
 1e0:	00c12423          	sw	a2,8(sp)
 1e4:	fff40413          	addi	s0,s0,-1
 1e8:	f55ff0ef          	jal	ra,13c <printchar>
 1ec:	00812603          	lw	a2,8(sp)
 1f0:	fe8044e3          	bgtz	s0,1d8 <prints+0x74>
 1f4:	00060793          	mv	a5,a2
 1f8:	00065463          	bgez	a2,200 <prints+0x9c>
 1fc:	00000793          	li	a5,0
 200:	40f60633          	sub	a2,a2,a5
 204:	00078413          	mv	s0,a5
 208:	0200006f          	j	228 <prints+0xc4>
 20c:	00412503          	lw	a0,4(sp)
 210:	00c12623          	sw	a2,12(sp)
 214:	00f12423          	sw	a5,8(sp)
 218:	f25ff0ef          	jal	ra,13c <printchar>
 21c:	00812783          	lw	a5,8(sp)
 220:	00c12603          	lw	a2,12(sp)
 224:	00140413          	addi	s0,s0,1
 228:	40f406b3          	sub	a3,s0,a5
 22c:	00d486b3          	add	a3,s1,a3
 230:	0006c583          	lbu	a1,0(a3)
 234:	fc059ce3          	bnez	a1,20c <prints+0xa8>
 238:	00060493          	mv	s1,a2
 23c:	02904263          	bgtz	s1,260 <prints+0xfc>
 240:	00065463          	bgez	a2,248 <prints+0xe4>
 244:	00000613          	li	a2,0
 248:	01812083          	lw	ra,24(sp)
 24c:	00860533          	add	a0,a2,s0
 250:	01412403          	lw	s0,20(sp)
 254:	01012483          	lw	s1,16(sp)
 258:	01c10113          	addi	sp,sp,28
 25c:	00008067          	ret
 260:	00012583          	lw	a1,0(sp)
 264:	00412503          	lw	a0,4(sp)
 268:	00c12423          	sw	a2,8(sp)
 26c:	fff48493          	addi	s1,s1,-1
 270:	ecdff0ef          	jal	ra,13c <printchar>
 274:	00812603          	lw	a2,8(sp)
 278:	fc5ff06f          	j	23c <prints+0xd8>

0000027c <printi>:
 27c:	fcc10113          	addi	sp,sp,-52
 280:	02812623          	sw	s0,44(sp)
 284:	00058313          	mv	t1,a1
 288:	02112823          	sw	ra,48(sp)
 28c:	02912423          	sw	s1,40(sp)
 290:	00a12023          	sw	a0,0(sp)
 294:	00060593          	mv	a1,a2
 298:	00068413          	mv	s0,a3
 29c:	00070613          	mv	a2,a4
 2a0:	00078693          	mv	a3,a5
 2a4:	02031463          	bnez	t1,2cc <printi+0x50>
 2a8:	03000793          	li	a5,48
 2ac:	01c10593          	addi	a1,sp,28
 2b0:	00f11e23          	sh	a5,28(sp)
 2b4:	eb1ff0ef          	jal	ra,164 <prints>
 2b8:	03012083          	lw	ra,48(sp)
 2bc:	02c12403          	lw	s0,44(sp)
 2c0:	02812483          	lw	s1,40(sp)
 2c4:	03410113          	addi	sp,sp,52
 2c8:	00008067          	ret
 2cc:	00030793          	mv	a5,t1
 2d0:	00040a63          	beqz	s0,2e4 <printi+0x68>
 2d4:	00a00713          	li	a4,10
 2d8:	0ee59263          	bne	a1,a4,3bc <printi+0x140>
 2dc:	0e035063          	bgez	t1,3bc <printi+0x140>
 2e0:	406007b3          	neg	a5,t1
 2e4:	03412703          	lw	a4,52(sp)
 2e8:	020103a3          	sb	zero,39(sp)
 2ec:	02710313          	addi	t1,sp,39
 2f0:	fc670713          	addi	a4,a4,-58
 2f4:	00e12223          	sw	a4,4(sp)
 2f8:	00078513          	mv	a0,a5
 2fc:	00d12c23          	sw	a3,24(sp)
 300:	00c12a23          	sw	a2,20(sp)
 304:	00612823          	sw	t1,16(sp)
 308:	00b12623          	sw	a1,12(sp)
 30c:	00f12423          	sw	a5,8(sp)
 310:	4e8000ef          	jal	ra,7f8 <__umodsi3>
 314:	00900713          	li	a4,9
 318:	00812783          	lw	a5,8(sp)
 31c:	00c12583          	lw	a1,12(sp)
 320:	01012303          	lw	t1,16(sp)
 324:	01412603          	lw	a2,20(sp)
 328:	01812683          	lw	a3,24(sp)
 32c:	00a77663          	bgeu	a4,a0,338 <printi+0xbc>
 330:	00412703          	lw	a4,4(sp)
 334:	00e50533          	add	a0,a0,a4
 338:	03050513          	addi	a0,a0,48
 33c:	fea30fa3          	sb	a0,-1(t1)
 340:	00078513          	mv	a0,a5
 344:	00d12c23          	sw	a3,24(sp)
 348:	00c12a23          	sw	a2,20(sp)
 34c:	fff30493          	addi	s1,t1,-1
 350:	00612823          	sw	t1,16(sp)
 354:	00b12623          	sw	a1,12(sp)
 358:	00f12423          	sw	a5,8(sp)
 35c:	454000ef          	jal	ra,7b0 <__hidden___udivsi3>
 360:	00812783          	lw	a5,8(sp)
 364:	00c12583          	lw	a1,12(sp)
 368:	01012303          	lw	t1,16(sp)
 36c:	01412603          	lw	a2,20(sp)
 370:	01812683          	lw	a3,24(sp)
 374:	04b7f863          	bgeu	a5,a1,3c4 <printi+0x148>
 378:	02040863          	beqz	s0,3a8 <printi+0x12c>
 37c:	04060a63          	beqz	a2,3d0 <printi+0x154>
 380:	0026f793          	andi	a5,a3,2
 384:	04078663          	beqz	a5,3d0 <printi+0x154>
 388:	00012503          	lw	a0,0(sp)
 38c:	02d00593          	li	a1,45
 390:	00d12423          	sw	a3,8(sp)
 394:	00c12223          	sw	a2,4(sp)
 398:	da5ff0ef          	jal	ra,13c <printchar>
 39c:	00412603          	lw	a2,4(sp)
 3a0:	00812683          	lw	a3,8(sp)
 3a4:	fff60613          	addi	a2,a2,-1
 3a8:	00012503          	lw	a0,0(sp)
 3ac:	00048593          	mv	a1,s1
 3b0:	db5ff0ef          	jal	ra,164 <prints>
 3b4:	00850533          	add	a0,a0,s0
 3b8:	f01ff06f          	j	2b8 <printi+0x3c>
 3bc:	00000413          	li	s0,0
 3c0:	f25ff06f          	j	2e4 <printi+0x68>
 3c4:	00050793          	mv	a5,a0
 3c8:	00048313          	mv	t1,s1
 3cc:	f2dff06f          	j	2f8 <printi+0x7c>
 3d0:	02d00793          	li	a5,45
 3d4:	fef48fa3          	sb	a5,-1(s1)
 3d8:	00000413          	li	s0,0
 3dc:	ffe30493          	addi	s1,t1,-2
 3e0:	fc9ff06f          	j	3a8 <printi+0x12c>

000003e4 <print>:
 3e4:	fe010113          	addi	sp,sp,-32
 3e8:	00812c23          	sw	s0,24(sp)
 3ec:	00912a23          	sw	s1,20(sp)
 3f0:	00112e23          	sw	ra,28(sp)
 3f4:	00a12223          	sw	a0,4(sp)
 3f8:	00058313          	mv	t1,a1
 3fc:	00060413          	mv	s0,a2
 400:	00000493          	li	s1,0
 404:	00034783          	lbu	a5,0(t1)
 408:	02079663          	bnez	a5,434 <print+0x50>
 40c:	00412783          	lw	a5,4(sp)
 410:	00078663          	beqz	a5,41c <print+0x38>
 414:	0007a783          	lw	a5,0(a5)
 418:	00078023          	sb	zero,0(a5)
 41c:	01c12083          	lw	ra,28(sp)
 420:	01812403          	lw	s0,24(sp)
 424:	00048513          	mv	a0,s1
 428:	01412483          	lw	s1,20(sp)
 42c:	02010113          	addi	sp,sp,32
 430:	00008067          	ret
 434:	02500713          	li	a4,37
 438:	1ae79263          	bne	a5,a4,5dc <print+0x1f8>
 43c:	00134683          	lbu	a3,1(t1)
 440:	fc0686e3          	beqz	a3,40c <print+0x28>
 444:	00130713          	addi	a4,t1,1
 448:	18f68863          	beq	a3,a5,5d8 <print+0x1f4>
 44c:	02d00613          	li	a2,45
 450:	00000793          	li	a5,0
 454:	00c69663          	bne	a3,a2,460 <print+0x7c>
 458:	00230713          	addi	a4,t1,2
 45c:	00100793          	li	a5,1
 460:	00070313          	mv	t1,a4
 464:	03000713          	li	a4,48
 468:	00034683          	lbu	a3,0(t1)
 46c:	00130613          	addi	a2,t1,1
 470:	04e68c63          	beq	a3,a4,4c8 <print+0xe4>
 474:	00000713          	li	a4,0
 478:	00900593          	li	a1,9
 47c:	00034683          	lbu	a3,0(t1)
 480:	00130513          	addi	a0,t1,1
 484:	fd068613          	addi	a2,a3,-48
 488:	0ff67393          	zext.b	t2,a2
 48c:	0475f463          	bgeu	a1,t2,4d4 <print+0xf0>
 490:	07300613          	li	a2,115
 494:	04c69c63          	bne	a3,a2,4ec <print+0x108>
 498:	00042583          	lw	a1,0(s0)
 49c:	00440393          	addi	t2,s0,4
 4a0:	00059663          	bnez	a1,4ac <print+0xc8>
 4a4:	000015b7          	lui	a1,0x1
 4a8:	85c58593          	addi	a1,a1,-1956 # 85c <__modsi3+0x30>
 4ac:	00612623          	sw	t1,12(sp)
 4b0:	00712423          	sw	t2,8(sp)
 4b4:	00078693          	mv	a3,a5
 4b8:	00070613          	mv	a2,a4
 4bc:	00412503          	lw	a0,4(sp)
 4c0:	ca5ff0ef          	jal	ra,164 <prints>
 4c4:	0580006f          	j	51c <print+0x138>
 4c8:	0027e793          	ori	a5,a5,2
 4cc:	00060313          	mv	t1,a2
 4d0:	f99ff06f          	j	468 <print+0x84>
 4d4:	00271693          	slli	a3,a4,0x2
 4d8:	00e686b3          	add	a3,a3,a4
 4dc:	00169693          	slli	a3,a3,0x1
 4e0:	00d60733          	add	a4,a2,a3
 4e4:	00050313          	mv	t1,a0
 4e8:	f95ff06f          	j	47c <print+0x98>
 4ec:	06400613          	li	a2,100
 4f0:	04c69263          	bne	a3,a2,534 <print+0x150>
 4f4:	06100693          	li	a3,97
 4f8:	00440393          	addi	t2,s0,4
 4fc:	00042583          	lw	a1,0(s0)
 500:	00612623          	sw	t1,12(sp)
 504:	00d12023          	sw	a3,0(sp)
 508:	00712423          	sw	t2,8(sp)
 50c:	00100693          	li	a3,1
 510:	00a00613          	li	a2,10
 514:	00412503          	lw	a0,4(sp)
 518:	d65ff0ef          	jal	ra,27c <printi>
 51c:	00812383          	lw	t2,8(sp)
 520:	00c12303          	lw	t1,12(sp)
 524:	00a484b3          	add	s1,s1,a0
 528:	00038413          	mv	s0,t2
 52c:	00130313          	addi	t1,t1,1
 530:	ed5ff06f          	j	404 <print+0x20>
 534:	07800613          	li	a2,120
 538:	02c69463          	bne	a3,a2,560 <print+0x17c>
 53c:	00042583          	lw	a1,0(s0)
 540:	00440393          	addi	t2,s0,4
 544:	00612623          	sw	t1,12(sp)
 548:	00712423          	sw	t2,8(sp)
 54c:	06100693          	li	a3,97
 550:	00d12023          	sw	a3,0(sp)
 554:	01000613          	li	a2,16
 558:	00000693          	li	a3,0
 55c:	fb9ff06f          	j	514 <print+0x130>
 560:	05800613          	li	a2,88
 564:	00c69e63          	bne	a3,a2,580 <print+0x19c>
 568:	00440393          	addi	t2,s0,4
 56c:	00042583          	lw	a1,0(s0)
 570:	00612623          	sw	t1,12(sp)
 574:	00712423          	sw	t2,8(sp)
 578:	04100693          	li	a3,65
 57c:	fd5ff06f          	j	550 <print+0x16c>
 580:	07500613          	li	a2,117
 584:	02c69263          	bne	a3,a2,5a8 <print+0x1c4>
 588:	06100693          	li	a3,97
 58c:	00440393          	addi	t2,s0,4
 590:	00042583          	lw	a1,0(s0)
 594:	00612623          	sw	t1,12(sp)
 598:	00d12023          	sw	a3,0(sp)
 59c:	00712423          	sw	t2,8(sp)
 5a0:	00000693          	li	a3,0
 5a4:	f6dff06f          	j	510 <print+0x12c>
 5a8:	06300613          	li	a2,99
 5ac:	f8c690e3          	bne	a3,a2,52c <print+0x148>
 5b0:	00042683          	lw	a3,0(s0)
 5b4:	00440393          	addi	t2,s0,4
 5b8:	00612623          	sw	t1,12(sp)
 5bc:	00d10823          	sb	a3,16(sp)
 5c0:	00712423          	sw	t2,8(sp)
 5c4:	000108a3          	sb	zero,17(sp)
 5c8:	00078693          	mv	a3,a5
 5cc:	00070613          	mv	a2,a4
 5d0:	01010593          	addi	a1,sp,16
 5d4:	ee9ff06f          	j	4bc <print+0xd8>
 5d8:	00070313          	mv	t1,a4
 5dc:	00034583          	lbu	a1,0(t1)
 5e0:	00412503          	lw	a0,4(sp)
 5e4:	00612423          	sw	t1,8(sp)
 5e8:	00148493          	addi	s1,s1,1
 5ec:	b51ff0ef          	jal	ra,13c <printchar>
 5f0:	00812303          	lw	t1,8(sp)
 5f4:	f39ff06f          	j	52c <print+0x148>

000005f8 <_puts>:
 5f8:	ff410113          	addi	sp,sp,-12
 5fc:	00812223          	sw	s0,4(sp)
 600:	00112423          	sw	ra,8(sp)
 604:	00050413          	mv	s0,a0
 608:	00044503          	lbu	a0,0(s0)
 60c:	00051a63          	bnez	a0,620 <_puts+0x28>
 610:	00812083          	lw	ra,8(sp)
 614:	00412403          	lw	s0,4(sp)
 618:	00c10113          	addi	sp,sp,12
 61c:	00008067          	ret
 620:	00140413          	addi	s0,s0,1
 624:	afdff0ef          	jal	ra,120 <_putch>
 628:	fe1ff06f          	j	608 <_puts+0x10>

0000062c <_printf>:
 62c:	fdc10113          	addi	sp,sp,-36
 630:	00b12823          	sw	a1,16(sp)
 634:	00c12a23          	sw	a2,20(sp)
 638:	00050593          	mv	a1,a0
 63c:	01010613          	addi	a2,sp,16
 640:	00000513          	li	a0,0
 644:	00112623          	sw	ra,12(sp)
 648:	00d12c23          	sw	a3,24(sp)
 64c:	00e12e23          	sw	a4,28(sp)
 650:	02f12023          	sw	a5,32(sp)
 654:	00c12023          	sw	a2,0(sp)
 658:	d8dff0ef          	jal	ra,3e4 <print>
 65c:	00c12083          	lw	ra,12(sp)
 660:	02410113          	addi	sp,sp,36
 664:	00008067          	ret

00000668 <_sprintf>:
 668:	fdc10113          	addi	sp,sp,-36
 66c:	00a12023          	sw	a0,0(sp)
 670:	00c12a23          	sw	a2,20(sp)
 674:	00010513          	mv	a0,sp
 678:	01410613          	addi	a2,sp,20
 67c:	00112823          	sw	ra,16(sp)
 680:	00d12c23          	sw	a3,24(sp)
 684:	00e12e23          	sw	a4,28(sp)
 688:	02f12023          	sw	a5,32(sp)
 68c:	00c12223          	sw	a2,4(sp)
 690:	d55ff0ef          	jal	ra,3e4 <print>
 694:	01012083          	lw	ra,16(sp)
 698:	02410113          	addi	sp,sp,36
 69c:	00008067          	ret

000006a0 <_getch>:
 6a0:	00002737          	lui	a4,0x2
 6a4:	00002637          	lui	a2,0x2
 6a8:	c2174683          	lbu	a3,-991(a4) # 1c21 <rdix>
 6ac:	c2064783          	lbu	a5,-992(a2) # 1c20 <wrix>
 6b0:	fef68ce3          	beq	a3,a5,6a8 <_getch+0x8>
 6b4:	c2174683          	lbu	a3,-991(a4)
 6b8:	00168793          	addi	a5,a3,1
 6bc:	0ff7f793          	zext.b	a5,a5
 6c0:	c2f700a3          	sb	a5,-991(a4)
 6c4:	000027b7          	lui	a5,0x2
 6c8:	c0078793          	addi	a5,a5,-1024 # 1c00 <udat>
 6cc:	00d787b3          	add	a5,a5,a3
 6d0:	c2174683          	lbu	a3,-991(a4)
 6d4:	0007c503          	lbu	a0,0(a5)
 6d8:	01f6f693          	andi	a3,a3,31
 6dc:	c2d700a3          	sb	a3,-991(a4)
 6e0:	00008067          	ret

000006e4 <haschar>:
 6e4:	000027b7          	lui	a5,0x2
 6e8:	c207c503          	lbu	a0,-992(a5) # 1c20 <wrix>
 6ec:	000027b7          	lui	a5,0x2
 6f0:	c217c783          	lbu	a5,-991(a5) # 1c21 <rdix>
 6f4:	40f50533          	sub	a0,a0,a5
 6f8:	0ff57513          	zext.b	a0,a0
 6fc:	00008067          	ret

00000700 <getMEPC>:
 700:	34101573          	.word	0x34101573
 704:	34151073          	.word	0x34151073
 708:	00008067          	ret

0000070c <spixfer>:
 70c:	e00007b7          	lui	a5,0xe0000
 710:	02a7a023          	sw	a0,32(a5) # e0000020 <_ebss+0xdfffe3fc>
 714:	e0000737          	lui	a4,0xe0000
 718:	02472783          	lw	a5,36(a4) # e0000024 <_ebss+0xdfffe400>
 71c:	0017f793          	andi	a5,a5,1
 720:	fe079ce3          	bnez	a5,718 <spixfer+0xc>
 724:	02072503          	lw	a0,32(a4)
 728:	00008067          	ret

0000072c <getw>:
 72c:	ff410113          	addi	sp,sp,-12
 730:	00112423          	sw	ra,8(sp)
 734:	00812223          	sw	s0,4(sp)
 738:	00912023          	sw	s1,0(sp)
 73c:	f65ff0ef          	jal	ra,6a0 <_getch>
 740:	00050493          	mv	s1,a0
 744:	f5dff0ef          	jal	ra,6a0 <_getch>
 748:	00050413          	mv	s0,a0
 74c:	f55ff0ef          	jal	ra,6a0 <_getch>
 750:	01051513          	slli	a0,a0,0x10
 754:	00841413          	slli	s0,s0,0x8
 758:	00a46433          	or	s0,s0,a0
 75c:	f45ff0ef          	jal	ra,6a0 <_getch>
 760:	00946433          	or	s0,s0,s1
 764:	01851513          	slli	a0,a0,0x18
 768:	00812083          	lw	ra,8(sp)
 76c:	00856533          	or	a0,a0,s0
 770:	00412403          	lw	s0,4(sp)
 774:	00012483          	lw	s1,0(sp)
 778:	00c10113          	addi	sp,sp,12
 77c:	00008067          	ret

00000780 <_memcpy>:
 780:	02060263          	beqz	a2,7a4 <_memcpy+0x24>
 784:	00000793          	li	a5,0
 788:	00f58733          	add	a4,a1,a5
 78c:	00074683          	lbu	a3,0(a4)
 790:	00f50733          	add	a4,a0,a5
 794:	00178793          	addi	a5,a5,1
 798:	00d70023          	sb	a3,0(a4)
 79c:	fef616e3          	bne	a2,a5,788 <_memcpy+0x8>
 7a0:	00c50533          	add	a0,a0,a2
 7a4:	00008067          	ret

000007a8 <__divsi3>:
 7a8:	06054063          	bltz	a0,808 <__umodsi3+0x10>
 7ac:	0605c663          	bltz	a1,818 <__umodsi3+0x20>

000007b0 <__hidden___udivsi3>:
 7b0:	00058613          	mv	a2,a1
 7b4:	00050593          	mv	a1,a0
 7b8:	fff00513          	li	a0,-1
 7bc:	02060c63          	beqz	a2,7f4 <__hidden___udivsi3+0x44>
 7c0:	00100693          	li	a3,1
 7c4:	00b67a63          	bgeu	a2,a1,7d8 <__hidden___udivsi3+0x28>
 7c8:	00c05863          	blez	a2,7d8 <__hidden___udivsi3+0x28>
 7cc:	00161613          	slli	a2,a2,0x1
 7d0:	00169693          	slli	a3,a3,0x1
 7d4:	feb66ae3          	bltu	a2,a1,7c8 <__hidden___udivsi3+0x18>
 7d8:	00000513          	li	a0,0
 7dc:	00c5e663          	bltu	a1,a2,7e8 <__hidden___udivsi3+0x38>
 7e0:	40c585b3          	sub	a1,a1,a2
 7e4:	00d56533          	or	a0,a0,a3
 7e8:	0016d693          	srli	a3,a3,0x1
 7ec:	00165613          	srli	a2,a2,0x1
 7f0:	fe0696e3          	bnez	a3,7dc <__hidden___udivsi3+0x2c>
 7f4:	00008067          	ret

000007f8 <__umodsi3>:
 7f8:	00008293          	mv	t0,ra
 7fc:	fb5ff0ef          	jal	ra,7b0 <__hidden___udivsi3>
 800:	00058513          	mv	a0,a1
 804:	00028067          	jr	t0
 808:	40a00533          	neg	a0,a0
 80c:	00b04863          	bgtz	a1,81c <__umodsi3+0x24>
 810:	40b005b3          	neg	a1,a1
 814:	f9dff06f          	j	7b0 <__hidden___udivsi3>
 818:	40b005b3          	neg	a1,a1
 81c:	00008293          	mv	t0,ra
 820:	f91ff0ef          	jal	ra,7b0 <__hidden___udivsi3>
 824:	40a00533          	neg	a0,a0
 828:	00028067          	jr	t0

0000082c <__modsi3>:
 82c:	00008293          	mv	t0,ra
 830:	0005ca63          	bltz	a1,844 <__modsi3+0x18>
 834:	00054c63          	bltz	a0,84c <__modsi3+0x20>
 838:	f79ff0ef          	jal	ra,7b0 <__hidden___udivsi3>
 83c:	00058513          	mv	a0,a1
 840:	00028067          	jr	t0
 844:	40b005b3          	neg	a1,a1
 848:	fe0558e3          	bgez	a0,838 <__modsi3+0xc>
 84c:	40a00533          	neg	a0,a0
 850:	f61ff0ef          	jal	ra,7b0 <__hidden___udivsi3>
 854:	40b00533          	neg	a0,a1
 858:	00028067          	jr	t0
 85c:	6e28                	.2byte	0x6e28
 85e:	6c75                	.2byte	0x6c75
 860:	296c                	.2byte	0x296c
	...
